<?xml version="1.0" encoding="UTF-8"?>
<!-- Generated by org.testng.reporters.JUnitReportReporter -->
<testsuite hostname="DESKTOP-GRF47FU" failures="0" tests="2" name="admin.testscript.logintest" time="55.574" errors="0" timestamp="2021-10-31T20:16:43 IST" skipped="0">
  <testcase classname="admin.testscript.logintest" name="loginstep2" time="31.190"/>
  <system-out/>
  <testcase classname="admin.testscript.logintest" name="loginstep1" time="24.384"/>
  <system-out/>
</testsuite> <!-- admin.testscript.logintest -->
