<?xml version="1.0" encoding="UTF-8"?>
<!-- Generated by org.testng.reporters.JUnitReportReporter -->
<testsuite hostname="DESKTOP-GRF47FU" failures="0" tests="1" name="admin.testscript.dashboardtest" time="3.392" errors="0" timestamp="2021-10-31T20:16:43 IST" skipped="0">
  <testcase classname="admin.testscript.dashboardtest" name="dashboardtest" time="3.392"/>
  <system-out/>
</testsuite> <!-- admin.testscript.dashboardtest -->
