<?xml version="1.0" encoding="UTF-8"?>
<!-- Generated by org.testng.reporters.JUnitReportReporter -->
<testsuite hostname="DESKTOP-GRF47FU" failures="0" tests="1" name="admin.testscript.Financetest" time="0.337" errors="0" timestamp="2021-10-31T20:16:43 IST" skipped="0">
  <testcase classname="admin.testscript.Financetest" name="Financemoduletest" time="0.337"/>
  <system-out/>
</testsuite> <!-- admin.testscript.Financetest -->
